# JRE version: Java(TM) SE Runtime Environment (22.0+36) (build 22+36-2370)
# Java VM: Java HotSpot(TM) 64-Bit Server VM (22+36-2370, mixed mode, emulated-client, sharing, tiered, compressed oops, compressed class ptrs, g1 gc, windows-amd64)
GC Precious Log:
 CardTable entry size: 512
 Card Set container configuration: InlinePtr #cards 4 size 8 Array Of Cards #cards 16 size 48 Howl #buckets 8 coarsen threshold 3686 Howl Bitmap #cards 512 size 80 coarsen threshold 460 Card regions per heap region 1 cards per card region 4096
 CPUs: 4 total, 4 available
 Memory: 16321M
 Large Page Support: Disabled
 NUMA Support: Disabled
 Compressed Oops: Enabled (Zero based)
 Heap Region Size: 2M
 Heap Min Capacity: 8M
 Heap Initial Capacity: 256M
 Heap Max Capacity: 4082M
 Pre-touch: Disabled
 Parallel Workers: 4
 Concurrent Workers: 1
 Concurrent Refinement Workers: 4
 Periodic GC: Disabled
Heap:
 garbage-first heap   total reserved 4179968K, committed 270336K, used 132963K [0x0000000700e00000, 0x0000000800000000)
  region size 2048K, 3 young (6144K), 3 survivors (6144K)
 Metaspace       used 40129K, committed 40896K, reserved 1114112K
  class space    used 5706K, committed 6080K, reserved 1048576K
GC Heap History (20 events):
Event: 4.513 GC heap after
{Heap after GC invocations=7 (full 0):
 garbage-first heap   total reserved 4179968K, committed 155648K, used 16228K [0x0000000700e00000, 0x0000000800000000)
  region size 2048K, 2 young (4096K), 2 survivors (4096K)
 Metaspace       used 28505K, committed 29120K, reserved 1114112K
  class space    used 3932K, committed 4224K, reserved 1048576K
}
Event: 5.515 GC heap before
{Heap before GC invocations=7 (full 0):
 garbage-first heap   total reserved 4179968K, committed 155648K, used 71524K [0x0000000700e00000, 0x0000000800000000)
  region size 2048K, 31 young (63488K), 2 survivors (4096K)
 Metaspace       used 35270K, committed 35968K, reserved 1114112K
  class space    used 4935K, committed 5248K, reserved 1048576K
}
Event: 5.533 GC heap after
{Heap after GC invocations=8 (full 0):
 garbage-first heap   total reserved 4179968K, committed 155648K, used 24765K [0x0000000700e00000, 0x0000000800000000)
  region size 2048K, 6 young (12288K), 6 survivors (12288K)
 Metaspace       used 35270K, committed 35968K, reserved 1114112K
  class space    used 4935K, committed 5248K, reserved 1048576K
}
Event: 7.112 GC heap before
{Heap before GC invocations=9 (full 0):
 garbage-first heap   total reserved 4179968K, committed 90112K, used 65725K [0x0000000700e00000, 0x0000000800000000)
  region size 2048K, 26 young (53248K), 6 survivors (12288K)
 Metaspace       used 40014K, committed 40768K, reserved 1114112K
  class space    used 5682K, committed 6016K, reserved 1048576K
}
Event: 7.139 GC heap after
{Heap after GC invocations=10 (full 0):
 garbage-first heap   total reserved 4179968K, committed 92160K, used 35260K [0x0000000700e00000, 0x0000000800000000)
  region size 2048K, 4 young (8192K), 4 survivors (8192K)
 Metaspace       used 40014K, committed 40768K, reserved 1114112K
  class space    used 5682K, committed 6016K, reserved 1048576K
}
Event: 7.622 GC heap before
{Heap before GC invocations=10 (full 0):
 garbage-first heap   total reserved 4179968K, committed 92160K, used 70076K [0x0000000700e00000, 0x0000000800000000)
  region size 2048K, 21 young (43008K), 4 survivors (8192K)
 Metaspace       used 40016K, committed 40768K, reserved 1114112K
  class space    used 5682K, committed 6016K, reserved 1048576K
}
Event: 7.644 GC heap after
{Heap after GC invocations=11 (full 0):
 garbage-first heap   total reserved 4179968K, committed 98304K, used 52224K [0x0000000700e00000, 0x0000000800000000)
  region size 2048K, 3 young (6144K), 3 survivors (6144K)
 Metaspace       used 40016K, committed 40768K, reserved 1114112K
  class space    used 5682K, committed 6016K, reserved 1048576K
}
Event: 7.955 GC heap before
{Heap before GC invocations=11 (full 0):
 garbage-first heap   total reserved 4179968K, committed 98304K, used 74752K [0x0000000700e00000, 0x0000000800000000)
  region size 2048K, 15 young (30720K), 3 survivors (6144K)
 Metaspace       used 40016K, committed 40768K, reserved 1114112K
  class space    used 5682K, committed 6016K, reserved 1048576K
}
Event: 7.974 GC heap after
{Heap after GC invocations=12 (full 0):
 garbage-first heap   total reserved 4179968K, committed 98304K, used 66560K [0x0000000700e00000, 0x0000000800000000)
  region size 2048K, 2 young (4096K), 2 survivors (4096K)
 Metaspace       used 40016K, committed 40768K, reserved 1114112K
  class space    used 5682K, committed 6016K, reserved 1048576K
}
Event: 8.138 GC heap before
{Heap before GC invocations=13 (full 0):
 garbage-first heap   total reserved 4179968K, committed 112640K, used 80896K [0x0000000700e00000, 0x0000000800000000)
  region size 2048K, 9 young (18432K), 2 survivors (4096K)
 Metaspace       used 40016K, committed 40768K, reserved 1114112K
  class space    used 5682K, committed 6016K, reserved 1048576K
}
Event: 8.147 GC heap after
{Heap after GC invocations=14 (full 0):
 garbage-first heap   total reserved 4179968K, committed 112640K, used 75172K [0x0000000700e00000, 0x0000000800000000)
  region size 2048K, 2 young (4096K), 2 survivors (4096K)
 Metaspace       used 40016K, committed 40768K, reserved 1114112K
  class space    used 5682K, committed 6016K, reserved 1048576K
}
Event: 8.231 GC heap before
{Heap before GC invocations=14 (full 0):
 garbage-first heap   total reserved 4179968K, committed 112640K, used 91556K [0x0000000700e00000, 0x0000000800000000)
  region size 2048K, 10 young (20480K), 2 survivors (4096K)
 Metaspace       used 40016K, committed 40768K, reserved 1114112K
  class space    used 5682K, committed 6016K, reserved 1048576K
}
Event: 8.242 GC heap after
{Heap after GC invocations=15 (full 0):
 garbage-first heap   total reserved 4179968K, committed 178176K, used 80286K [0x0000000700e00000, 0x0000000800000000)
  region size 2048K, 2 young (4096K), 2 survivors (4096K)
 Metaspace       used 40016K, committed 40768K, reserved 1114112K
  class space    used 5682K, committed 6016K, reserved 1048576K
}
Event: 8.654 GC heap before
{Heap before GC invocations=15 (full 0):
 garbage-first heap   total reserved 4179968K, committed 178176K, used 129438K [0x0000000700e00000, 0x0000000800000000)
  region size 2048K, 26 young (53248K), 2 survivors (4096K)
 Metaspace       used 40129K, committed 40896K, reserved 1114112K
  class space    used 5706K, committed 6080K, reserved 1048576K
}
Event: 8.673 GC heap after
{Heap after GC invocations=16 (full 0):
 garbage-first heap   total reserved 4179968K, committed 178176K, used 103259K [0x0000000700e00000, 0x0000000800000000)
  region size 2048K, 4 young (8192K), 4 survivors (8192K)
 Metaspace       used 40129K, committed 40896K, reserved 1114112K
  class space    used 5706K, committed 6080K, reserved 1048576K
}
Event: 8.735 GC heap before
{Heap before GC invocations=16 (full 0):
 garbage-first heap   total reserved 4179968K, committed 178176K, used 138075K [0x0000000700e00000, 0x0000000800000000)
  region size 2048K, 21 young (43008K), 4 survivors (8192K)
 Metaspace       used 40129K, committed 40896K, reserved 1114112K
  class space    used 5706K, committed 6080K, reserved 1048576K
}
Event: 8.746 GC heap after
{Heap after GC invocations=17 (full 0):
 garbage-first heap   total reserved 4179968K, committed 178176K, used 114160K [0x0000000700e00000, 0x0000000800000000)
  region size 2048K, 3 young (6144K), 3 survivors (6144K)
 Metaspace       used 40129K, committed 40896K, reserved 1114112K
  class space    used 5706K, committed 6080K, reserved 1048576K
}
Event: 8.807 GC heap before
{Heap before GC invocations=17 (full 0):
 garbage-first heap   total reserved 4179968K, committed 178176K, used 146928K [0x0000000700e00000, 0x0000000800000000)
  region size 2048K, 19 young (38912K), 3 survivors (6144K)
 Metaspace       used 40129K, committed 40896K, reserved 1114112K
  class space    used 5706K, committed 6080K, reserved 1048576K
}
Event: 8.818 GC heap after
{Heap after GC invocations=18 (full 0):
 garbage-first heap   total reserved 4179968K, committed 178176K, used 124013K [0x0000000700e00000, 0x0000000800000000)
  region size 2048K, 3 young (6144K), 3 survivors (6144K)
 Metaspace       used 40129K, committed 40896K, reserved 1114112K
  class space    used 5706K, committed 6080K, reserved 1048576K
}
Event: 8.878 GC heap before
{Heap before GC invocations=18 (full 0):
 garbage-first heap   total reserved 4179968K, committed 178176K, used 152685K [0x0000000700e00000, 0x0000000800000000)
  region size 2048K, 17 young (34816K), 3 survivors (6144K)
 Metaspace       used 40129K, committed 40896K, reserved 1114112K
  class space    used 5706K, committed 6080K, reserved 1048576K
}

