# JRE version: Java(TM) SE Runtime Environment (22.0+36) (build 22+36-2370)
# Java VM: Java HotSpot(TM) 64-Bit Server VM (22+36-2370, mixed mode, emulated-client, sharing, tiered, compressed oops, compressed class ptrs, g1 gc, windows-amd64)
GC Precious Log:
 CardTable entry size: 512
 Card Set container configuration: InlinePtr #cards 4 size 8 Array Of Cards #cards 16 size 48 Howl #buckets 8 coarsen threshold 3686 Howl Bitmap #cards 512 size 80 coarsen threshold 460 Card regions per heap region 1 cards per card region 4096
 CPUs: 4 total, 4 available
 Memory: 16321M
 Large Page Support: Disabled
 NUMA Support: Disabled
 Compressed Oops: Enabled (Zero based)
 Heap Region Size: 2M
 Heap Min Capacity: 8M
 Heap Initial Capacity: 256M
 Heap Max Capacity: 4082M
 Pre-touch: Disabled
 Parallel Workers: 4
 Concurrent Workers: 1
 Concurrent Refinement Workers: 4
 Periodic GC: Disabled
Heap:
 garbage-first heap   total reserved 4179968K, committed 268288K, used 122880K [0x0000000700e00000, 0x0000000800000000)
  region size 2048K, 2 young (4096K), 2 survivors (4096K)
 Metaspace       used 40097K, committed 40832K, reserved 1114112K
  class space    used 5704K, committed 6016K, reserved 1048576K
GC Heap History (20 events):
Event: 16.085 GC heap after
{Heap after GC invocations=11 (full 0):
 garbage-first heap   total reserved 4179968K, committed 69632K, used 28407K [0x0000000700e00000, 0x0000000800000000)
  region size 2048K, 3 young (6144K), 3 survivors (6144K)
 Metaspace       used 40038K, committed 40768K, reserved 1114112K
  class space    used 5694K, committed 6016K, reserved 1048576K
}
Event: 16.538 GC heap before
{Heap before GC invocations=11 (full 0):
 garbage-first heap   total reserved 4179968K, committed 69632K, used 55031K [0x0000000700e00000, 0x0000000800000000)
  region size 2048K, 16 young (32768K), 3 survivors (6144K)
 Metaspace       used 40038K, committed 40768K, reserved 1114112K
  class space    used 5694K, committed 6016K, reserved 1048576K
}
Event: 16.555 GC heap after
{Heap after GC invocations=12 (full 0):
 garbage-first heap   total reserved 4179968K, committed 75776K, used 40960K [0x0000000700e00000, 0x0000000800000000)
  region size 2048K, 2 young (4096K), 2 survivors (4096K)
 Metaspace       used 40038K, committed 40768K, reserved 1114112K
  class space    used 5694K, committed 6016K, reserved 1048576K
}
Event: 16.836 GC heap before
{Heap before GC invocations=12 (full 0):
 garbage-first heap   total reserved 4179968K, committed 75776K, used 59392K [0x0000000700e00000, 0x0000000800000000)
  region size 2048K, 11 young (22528K), 2 survivors (4096K)
 Metaspace       used 40038K, committed 40768K, reserved 1114112K
  class space    used 5694K, committed 6016K, reserved 1048576K
}
Event: 16.846 GC heap after
{Heap after GC invocations=13 (full 0):
 garbage-first heap   total reserved 4179968K, committed 75776K, used 50391K [0x0000000700e00000, 0x0000000800000000)
  region size 2048K, 2 young (4096K), 2 survivors (4096K)
 Metaspace       used 40038K, committed 40768K, reserved 1114112K
  class space    used 5694K, committed 6016K, reserved 1048576K
}
Event: 16.992 GC heap before
{Heap before GC invocations=14 (full 0):
 garbage-first heap   total reserved 4179968K, committed 86016K, used 62679K [0x0000000700e00000, 0x0000000800000000)
  region size 2048K, 8 young (16384K), 2 survivors (4096K)
 Metaspace       used 40038K, committed 40768K, reserved 1114112K
  class space    used 5694K, committed 6016K, reserved 1048576K
}
Event: 17.002 GC heap after
{Heap after GC invocations=15 (full 0):
 garbage-first heap   total reserved 4179968K, committed 86016K, used 57344K [0x0000000700e00000, 0x0000000800000000)
  region size 2048K, 1 young (2048K), 1 survivors (2048K)
 Metaspace       used 40038K, committed 40768K, reserved 1114112K
  class space    used 5694K, committed 6016K, reserved 1048576K
}
Event: 17.098 GC heap before
{Heap before GC invocations=15 (full 0):
 garbage-first heap   total reserved 4179968K, committed 86016K, used 69632K [0x0000000700e00000, 0x0000000800000000)
  region size 2048K, 7 young (14336K), 1 survivors (2048K)
 Metaspace       used 40038K, committed 40768K, reserved 1114112K
  class space    used 5694K, committed 6016K, reserved 1048576K
}
Event: 17.106 GC heap after
{Heap after GC invocations=16 (full 0):
 garbage-first heap   total reserved 4179968K, committed 86016K, used 63105K [0x0000000700e00000, 0x0000000800000000)
  region size 2048K, 1 young (2048K), 1 survivors (2048K)
 Metaspace       used 40038K, committed 40768K, reserved 1114112K
  class space    used 5694K, committed 6016K, reserved 1048576K
}
Event: 17.190 GC heap before
{Heap before GC invocations=16 (full 0):
 garbage-first heap   total reserved 4179968K, committed 86016K, used 73345K [0x0000000700e00000, 0x0000000800000000)
  region size 2048K, 6 young (12288K), 1 survivors (2048K)
 Metaspace       used 40038K, committed 40768K, reserved 1114112K
  class space    used 5694K, committed 6016K, reserved 1048576K
}
Event: 17.199 GC heap after
{Heap after GC invocations=17 (full 0):
 garbage-first heap   total reserved 4179968K, committed 157696K, used 68941K [0x0000000700e00000, 0x0000000800000000)
  region size 2048K, 1 young (2048K), 1 survivors (2048K)
 Metaspace       used 40038K, committed 40768K, reserved 1114112K
  class space    used 5694K, committed 6016K, reserved 1048576K
}
Event: 17.516 GC heap before
{Heap before GC invocations=18 (full 0):
 garbage-first heap   total reserved 4179968K, committed 157696K, used 111949K [0x0000000700e00000, 0x0000000800000000)
  region size 2048K, 22 young (45056K), 1 survivors (2048K)
 Metaspace       used 39982K, committed 40768K, reserved 1114112K
  class space    used 5678K, committed 6016K, reserved 1048576K
}
Event: 17.532 GC heap after
{Heap after GC invocations=19 (full 0):
 garbage-first heap   total reserved 4179968K, committed 157696K, used 91190K [0x0000000700e00000, 0x0000000800000000)
  region size 2048K, 3 young (6144K), 3 survivors (6144K)
 Metaspace       used 39982K, committed 40768K, reserved 1114112K
  class space    used 5678K, committed 6016K, reserved 1048576K
}
Event: 17.638 GC heap before
{Heap before GC invocations=19 (full 0):
 garbage-first heap   total reserved 4179968K, committed 157696K, used 121910K [0x0000000700e00000, 0x0000000800000000)
  region size 2048K, 18 young (36864K), 3 survivors (6144K)
 Metaspace       used 40097K, committed 40832K, reserved 1114112K
  class space    used 5704K, committed 6016K, reserved 1048576K
}
Event: 17.648 GC heap after
{Heap after GC invocations=20 (full 0):
 garbage-first heap   total reserved 4179968K, committed 157696K, used 100352K [0x0000000700e00000, 0x0000000800000000)
  region size 2048K, 3 young (6144K), 3 survivors (6144K)
 Metaspace       used 40097K, committed 40832K, reserved 1114112K
  class space    used 5704K, committed 6016K, reserved 1048576K
}
Event: 17.702 GC heap before
{Heap before GC invocations=20 (full 0):
 garbage-first heap   total reserved 4179968K, committed 157696K, used 129024K [0x0000000700e00000, 0x0000000800000000)
  region size 2048K, 17 young (34816K), 3 survivors (6144K)
 Metaspace       used 40097K, committed 40832K, reserved 1114112K
  class space    used 5704K, committed 6016K, reserved 1048576K
}
Event: 17.711 GC heap after
{Heap after GC invocations=21 (full 0):
 garbage-first heap   total reserved 4179968K, committed 157696K, used 108544K [0x0000000700e00000, 0x0000000800000000)
  region size 2048K, 3 young (6144K), 3 survivors (6144K)
 Metaspace       used 40097K, committed 40832K, reserved 1114112K
  class space    used 5704K, committed 6016K, reserved 1048576K
}
Event: 17.763 GC heap before
{Heap before GC invocations=21 (full 0):
 garbage-first heap   total reserved 4179968K, committed 157696K, used 133120K [0x0000000700e00000, 0x0000000800000000)
  region size 2048K, 15 young (30720K), 3 survivors (6144K)
 Metaspace       used 40097K, committed 40832K, reserved 1114112K
  class space    used 5704K, committed 6016K, reserved 1048576K
}
Event: 17.772 GC heap after
{Heap after GC invocations=22 (full 0):
 garbage-first heap   total reserved 4179968K, committed 157696K, used 116300K [0x0000000700e00000, 0x0000000800000000)
  region size 2048K, 2 young (4096K), 2 survivors (4096K)
 Metaspace       used 40097K, committed 40832K, reserved 1114112K
  class space    used 5704K, committed 6016K, reserved 1048576K
}
Event: 17.816 GC heap before
{Heap before GC invocations=22 (full 0):
 garbage-first heap   total reserved 4179968K, committed 157696K, used 136780K [0x0000000700e00000, 0x0000000800000000)
  region size 2048K, 12 young (24576K), 2 survivors (4096K)
 Metaspace       used 40097K, committed 40832K, reserved 1114112K
  class space    used 5704K, committed 6016K, reserved 1048576K
}

